app/build/intermediates/manifest_merge_blame_file/debug/manifest-merger-blame-debug-report.txt
1<?xml version="1.0" encoding="utf-8"?>
2<manifest xmlns:android="http://schemas.android.com/apk/res/android"
3    package="com.hdmovies.fullhdmovies"
4    android:versionCode="1"
5    android:versionName="1.0" >
6
7    <uses-sdk
8        android:minSdkVersion="21"
8-->src\main\AndroidManifest.xml
9        android:targetSdkVersion="29" />
9-->src\main\AndroidManifest.xml
10
11    <uses-feature
11-->src\main\AndroidManifest.xml:7:5-9:36
12        android:name="android.software.leanback"
12-->src\main\AndroidManifest.xml:8:9-49
13        android:required="false" />
13-->src\main\AndroidManifest.xml:9:9-33
14    <uses-feature
14-->src\main\AndroidManifest.xml:10:5-12:36
15        android:name="android.hardware.touchscreen"
15-->src\main\AndroidManifest.xml:11:9-52
16        android:required="false" />
16-->src\main\AndroidManifest.xml:12:9-33
17
18    <uses-permission android:name="android.permission.INTERNET" />
18-->src\main\AndroidManifest.xml:14:5-67
18-->src\main\AndroidManifest.xml:14:22-64
19    <uses-permission android:name="android.permission.ACCESS_NETWORK_STATE" />
19-->src\main\AndroidManifest.xml:15:5-79
19-->src\main\AndroidManifest.xml:15:22-76
20    <uses-permission android:name="android.permission.READ_EXTERNAL_STORAGE" />
20-->src\main\AndroidManifest.xml:16:5-80
20-->src\main\AndroidManifest.xml:16:22-77
21    <uses-permission android:name="android.permission.READ_INTERNAL_STORAGE" />
21-->src\main\AndroidManifest.xml:17:5-80
21-->src\main\AndroidManifest.xml:17:22-77
22    <uses-permission android:name="android.permission.WRITE_EXTERNAL_STORAGE" />
22-->src\main\AndroidManifest.xml:18:5-81
22-->src\main\AndroidManifest.xml:18:22-78
23    <uses-permission android:name="android.permission.WRITE_INTERNAL_STORAGE" />
23-->src\main\AndroidManifest.xml:19:5-81
23-->src\main\AndroidManifest.xml:19:22-78
24    <uses-permission android:name="android.permission.ACCESS_WIFI_STATE" /> <!-- Create a unique permission for your app and use it so only your app can receive your OneSignal messages. -->
24-->[com.google.android.libraries.cast.companionlibrary:ccl:2.8.4] AndroidManifest.xml:26:5-76
24-->[com.google.android.libraries.cast.companionlibrary:ccl:2.8.4] AndroidManifest.xml:26:22-73
25    <permission
25-->[com.onesignal:OneSignal:3.12.2] AndroidManifest.xml:7:5-9:47
26        android:name="com.hdmovies.fullhdmovies.permission.C2D_MESSAGE"
26-->[com.onesignal:OneSignal:3.12.2] AndroidManifest.xml:8:9-63
27        android:protectionLevel="signature" />
27-->[com.onesignal:OneSignal:3.12.2] AndroidManifest.xml:9:9-44
28
29    <uses-permission android:name="com.hdmovies.fullhdmovies.permission.C2D_MESSAGE" />
29-->[com.onesignal:OneSignal:3.12.2] AndroidManifest.xml:11:5-79
29-->[com.onesignal:OneSignal:3.12.2] AndroidManifest.xml:11:22-76
30    <uses-permission android:name="com.google.android.c2dm.permission.RECEIVE" /> <!-- Required, makes sure notifications are delivered on time. -->
30-->[com.onesignal:OneSignal:3.12.2] AndroidManifest.xml:17:5-82
30-->[com.onesignal:OneSignal:3.12.2] AndroidManifest.xml:17:22-79
31    <uses-permission android:name="android.permission.WAKE_LOCK" />
31-->[com.onesignal:OneSignal:3.12.2] AndroidManifest.xml:18:5-68
31-->[com.onesignal:OneSignal:3.12.2] AndroidManifest.xml:18:22-65
32    <!--
33 Required so the device vibrates on receiving a push notification.
34         Vibration settings of the device still apply.
35    -->
36    <uses-permission android:name="android.permission.VIBRATE" />
36-->[com.onesignal:OneSignal:3.12.2] AndroidManifest.xml:23:5-66
36-->[com.onesignal:OneSignal:3.12.2] AndroidManifest.xml:23:22-63
37    <!--
38 Use to restore notifications the user hasn't interacted with.
39         They could be missed notifications if the user reboots their device if this isn't in place.
40    -->
41    <uses-permission android:name="android.permission.RECEIVE_BOOT_COMPLETED" /> <!-- START: ShortcutBadger -->
41-->[com.onesignal:OneSignal:3.12.2] AndroidManifest.xml:29:5-81
41-->[com.onesignal:OneSignal:3.12.2] AndroidManifest.xml:29:22-78
42    <!-- Samsung -->
43    <uses-permission android:name="com.sec.android.provider.badge.permission.READ" />
43-->[com.onesignal:OneSignal:3.12.2] AndroidManifest.xml:31:5-86
43-->[com.onesignal:OneSignal:3.12.2] AndroidManifest.xml:31:22-83
44    <uses-permission android:name="com.sec.android.provider.badge.permission.WRITE" /> <!-- HTC -->
44-->[com.onesignal:OneSignal:3.12.2] AndroidManifest.xml:32:5-87
44-->[com.onesignal:OneSignal:3.12.2] AndroidManifest.xml:32:22-84
45    <uses-permission android:name="com.htc.launcher.permission.READ_SETTINGS" />
45-->[com.onesignal:OneSignal:3.12.2] AndroidManifest.xml:33:5-81
45-->[com.onesignal:OneSignal:3.12.2] AndroidManifest.xml:33:22-78
46    <uses-permission android:name="com.htc.launcher.permission.UPDATE_SHORTCUT" /> <!-- Sony -->
46-->[com.onesignal:OneSignal:3.12.2] AndroidManifest.xml:34:5-83
46-->[com.onesignal:OneSignal:3.12.2] AndroidManifest.xml:34:22-80
47    <uses-permission android:name="com.sonyericsson.home.permission.BROADCAST_BADGE" />
47-->[com.onesignal:OneSignal:3.12.2] AndroidManifest.xml:35:5-88
47-->[com.onesignal:OneSignal:3.12.2] AndroidManifest.xml:35:22-85
48    <uses-permission android:name="com.sonymobile.home.permission.PROVIDER_INSERT_BADGE" /> <!-- Apex -->
48-->[com.onesignal:OneSignal:3.12.2] AndroidManifest.xml:36:5-92
48-->[com.onesignal:OneSignal:3.12.2] AndroidManifest.xml:36:22-89
49    <uses-permission android:name="com.anddoes.launcher.permission.UPDATE_COUNT" /> <!-- Solid -->
49-->[com.onesignal:OneSignal:3.12.2] AndroidManifest.xml:37:5-84
49-->[com.onesignal:OneSignal:3.12.2] AndroidManifest.xml:37:22-81
50    <uses-permission android:name="com.majeur.launcher.permission.UPDATE_BADGE" /> <!-- Huawei -->
50-->[com.onesignal:OneSignal:3.12.2] AndroidManifest.xml:38:5-83
50-->[com.onesignal:OneSignal:3.12.2] AndroidManifest.xml:38:22-80
51    <uses-permission android:name="com.huawei.android.launcher.permission.CHANGE_BADGE" />
51-->[com.onesignal:OneSignal:3.12.2] AndroidManifest.xml:39:5-91
51-->[com.onesignal:OneSignal:3.12.2] AndroidManifest.xml:39:22-88
52    <uses-permission android:name="com.huawei.android.launcher.permission.READ_SETTINGS" />
52-->[com.onesignal:OneSignal:3.12.2] AndroidManifest.xml:40:5-92
52-->[com.onesignal:OneSignal:3.12.2] AndroidManifest.xml:40:22-89
53    <uses-permission android:name="com.huawei.android.launcher.permission.WRITE_SETTINGS" /> <!-- ZUK -->
53-->[com.onesignal:OneSignal:3.12.2] AndroidManifest.xml:41:5-93
53-->[com.onesignal:OneSignal:3.12.2] AndroidManifest.xml:41:22-90
54    <uses-permission android:name="android.permission.READ_APP_BADGE" /> <!-- OPPO -->
54-->[com.onesignal:OneSignal:3.12.2] AndroidManifest.xml:42:5-73
54-->[com.onesignal:OneSignal:3.12.2] AndroidManifest.xml:42:22-70
55    <uses-permission android:name="com.oppo.launcher.permission.READ_SETTINGS" />
55-->[com.onesignal:OneSignal:3.12.2] AndroidManifest.xml:43:5-82
55-->[com.onesignal:OneSignal:3.12.2] AndroidManifest.xml:43:22-79
56    <uses-permission android:name="com.oppo.launcher.permission.WRITE_SETTINGS" /> <!-- EvMe -->
56-->[com.onesignal:OneSignal:3.12.2] AndroidManifest.xml:44:5-83
56-->[com.onesignal:OneSignal:3.12.2] AndroidManifest.xml:44:22-80
57    <uses-permission android:name="me.everything.badger.permission.BADGE_COUNT_READ" />
57-->[com.onesignal:OneSignal:3.12.2] AndroidManifest.xml:45:5-88
57-->[com.onesignal:OneSignal:3.12.2] AndroidManifest.xml:45:22-85
58    <uses-permission android:name="me.everything.badger.permission.BADGE_COUNT_WRITE" />
58-->[com.onesignal:OneSignal:3.12.2] AndroidManifest.xml:46:5-89
58-->[com.onesignal:OneSignal:3.12.2] AndroidManifest.xml:46:22-86
59    <uses-permission android:name="com.google.android.finsky.permission.BIND_GET_INSTALL_REFERRER_SERVICE" />
59-->[com.google.android.gms:play-services-measurement:16.4.0] AndroidManifest.xml:26:5-110
59-->[com.google.android.gms:play-services-measurement:16.4.0] AndroidManifest.xml:26:22-107
60
61    <application
61-->src\main\AndroidManifest.xml:21:5-108:19
62        android:name="com.hdmovies.fullhdmovies.movies_utl.MyAppClass"
62-->src\main\AndroidManifest.xml:22:9-71
63        android:allowBackup="true"
63-->src\main\AndroidManifest.xml:23:9-35
64        android:appComponentFactory="androidx.core.app.CoreComponentFactory"
64-->[androidx.core:core:1.1.0] AndroidManifest.xml:24:18-86
65        android:debuggable="true"
66        android:icon="@mipmap/ic_launcher"
66-->src\main\AndroidManifest.xml:24:9-43
67        android:label="@string/app_name"
67-->src\main\AndroidManifest.xml:25:9-41
68        android:roundIcon="@mipmap/ic_launcher_round"
68-->src\main\AndroidManifest.xml:26:9-54
69        android:supportsRtl="true"
69-->src\main\AndroidManifest.xml:27:9-35
70        android:testOnly="true"
71        android:theme="@style/AppTheme"
71-->src\main\AndroidManifest.xml:28:9-40
72        android:usesCleartextTraffic="true" >
72-->src\main\AndroidManifest.xml:29:9-44
73        <activity
73-->src\main\AndroidManifest.xml:31:9-33:63
74            android:name="com.hdmovies.fullhdmovies.WebViewActivity"
74-->src\main\AndroidManifest.xml:31:19-75
75            android:screenOrientation="landscape"
75-->src\main\AndroidManifest.xml:32:13-50
76            android:theme="@style/FullscreenTheme" />
76-->src\main\AndroidManifest.xml:33:13-51
77
78        <meta-data
78-->src\main\AndroidManifest.xml:35:9-37:70
79            android:name="com.google.android.gms.ads.APPLICATION_ID"
79-->src\main\AndroidManifest.xml:36:13-69
80            android:value="ca-app-pub-8804184340526788~7833821786" />
80-->src\main\AndroidManifest.xml:37:13-67
81        <meta-data
81-->src\main\AndroidManifest.xml:38:9-40:39
82            android:name="com.onesignal.NotificationOpened.DEFAULT"
82-->src\main\AndroidManifest.xml:39:13-68
83            android:value="DISABLE" />
83-->src\main\AndroidManifest.xml:40:13-36
84        <meta-data
84-->src\main\AndroidManifest.xml:41:9-43:97
85            android:name="com.google.android.gms.cast.framework.OPTIONS_PROVIDER_CLASS_NAME"
85-->src\main\AndroidManifest.xml:42:13-93
86            android:value="com.google.android.exoplayer2.ext.cast.DefaultCastOptionsProvider" />
86-->src\main\AndroidManifest.xml:43:13-94
87
88        <activity
88-->src\main\AndroidManifest.xml:45:9-48:53
89            android:name="com.hdmovies.fullhdmovies.TermsActivity"
89-->src\main\AndroidManifest.xml:46:13-67
90            android:screenOrientation="portrait"
90-->src\main\AndroidManifest.xml:47:13-49
91            android:theme="@style/AppTheme.Nobar" />
91-->src\main\AndroidManifest.xml:48:13-50
92        <activity
92-->src\main\AndroidManifest.xml:49:9-53:59
93            android:name="com.hdmovies.fullhdmovies.ReplyActivity"
93-->src\main\AndroidManifest.xml:50:13-67
94            android:label="@string/title_activity_reply"
94-->src\main\AndroidManifest.xml:51:13-57
95            android:screenOrientation="portrait"
95-->src\main\AndroidManifest.xml:52:13-49
96            android:theme="@style/AppTheme.NoActionBar" />
96-->src\main\AndroidManifest.xml:53:13-56
97        <activity
97-->src\main\AndroidManifest.xml:54:9-57:53
98            android:name="com.hdmovies.fullhdmovies.ProfileActivity"
98-->src\main\AndroidManifest.xml:55:13-69
99            android:screenOrientation="portrait"
99-->src\main\AndroidManifest.xml:56:13-49
100            android:theme="@style/AppTheme.Nobar" />
100-->src\main\AndroidManifest.xml:57:13-50
101        <activity
101-->src\main\AndroidManifest.xml:58:9-61:53
102            android:name="com.hdmovies.fullhdmovies.PassResetActivity"
102-->src\main\AndroidManifest.xml:59:13-71
103            android:screenOrientation="portrait"
103-->src\main\AndroidManifest.xml:60:13-49
104            android:theme="@style/AppTheme.Nobar" />
104-->src\main\AndroidManifest.xml:61:13-50
105        <activity
105-->src\main\AndroidManifest.xml:62:9-65:53
106            android:name="com.hdmovies.fullhdmovies.SearchActivity"
106-->src\main\AndroidManifest.xml:63:13-68
107            android:screenOrientation="portrait"
107-->src\main\AndroidManifest.xml:64:13-49
108            android:theme="@style/AppTheme.Nobar" />
108-->src\main\AndroidManifest.xml:65:13-50
109        <activity
109-->src\main\AndroidManifest.xml:66:9-69:53
110            android:name="com.hdmovies.fullhdmovies.SignUpActivity"
110-->src\main\AndroidManifest.xml:67:13-68
111            android:screenOrientation="portrait"
111-->src\main\AndroidManifest.xml:68:13-49
112            android:theme="@style/AppTheme.Nobar" />
112-->src\main\AndroidManifest.xml:69:13-50
113        <activity
113-->src\main\AndroidManifest.xml:70:9-73:53
114            android:name="com.hdmovies.fullhdmovies.LoginActivity"
114-->src\main\AndroidManifest.xml:71:13-67
115            android:screenOrientation="portrait"
115-->src\main\AndroidManifest.xml:72:13-49
116            android:theme="@style/AppTheme.Nobar" />
116-->src\main\AndroidManifest.xml:73:13-50
117        <activity
117-->src\main\AndroidManifest.xml:74:9-78:59
118            android:name="com.hdmovies.fullhdmovies.DetailsActivity"
118-->src\main\AndroidManifest.xml:75:13-69
119            android:configChanges="screenLayout|screenSize|orientation"
119-->src\main\AndroidManifest.xml:76:13-72
120            android:label="@string/title_activity_details"
120-->src\main\AndroidManifest.xml:77:13-59
121            android:theme="@style/AppTheme.NoActionBar" /> <!-- android:configChanges="screenLayout|screenSize|orientation" -->
121-->src\main\AndroidManifest.xml:78:13-56
122        <activity
122-->src\main\AndroidManifest.xml:79:9-83:55
123            android:name="com.hdmovies.fullhdmovies.MainActivity"
123-->src\main\AndroidManifest.xml:80:13-66
124            android:screenOrientation="portrait"
124-->src\main\AndroidManifest.xml:81:13-49
125            android:theme="@style/AppTheme.Nobar"
125-->src\main\AndroidManifest.xml:82:13-50
126            android:windowSoftInputMode="adjustPan" />
126-->src\main\AndroidManifest.xml:83:13-52
127        <activity
127-->src\main\AndroidManifest.xml:84:9-86:53
128            android:name="com.hdmovies.fullhdmovies.SettingsActivity"
128-->src\main\AndroidManifest.xml:85:13-70
129            android:theme="@style/AppTheme.Nobar" />
129-->src\main\AndroidManifest.xml:86:13-50
130        <activity
130-->src\main\AndroidManifest.xml:87:9-97:20
131            android:name="com.hdmovies.fullhdmovies.SplashscreenActivity"
131-->src\main\AndroidManifest.xml:88:13-74
132            android:configChanges="orientation|keyboardHidden|screenSize"
132-->src\main\AndroidManifest.xml:89:13-74
133            android:screenOrientation="portrait"
133-->src\main\AndroidManifest.xml:90:13-49
134            android:theme="@style/FullscreenTheme" >
134-->src\main\AndroidManifest.xml:91:13-51
135            <intent-filter>
135-->src\main\AndroidManifest.xml:92:13-96:29
136                <action android:name="android.intent.action.MAIN" />
136-->src\main\AndroidManifest.xml:93:17-69
136-->src\main\AndroidManifest.xml:93:25-66
137
138                <category android:name="android.intent.category.LAUNCHER" />
138-->src\main\AndroidManifest.xml:95:17-77
138-->src\main\AndroidManifest.xml:95:27-74
139            </intent-filter>
140        </activity>
141        <activity
141-->src\main\AndroidManifest.xml:98:9-102:59
142            android:name="com.hdmovies.fullhdmovies.ItemMovieActivity"
142-->src\main\AndroidManifest.xml:99:13-71
143            android:label="@string/title_activity_item_show"
143-->src\main\AndroidManifest.xml:100:13-61
144            android:screenOrientation="portrait"
144-->src\main\AndroidManifest.xml:101:13-49
145            android:theme="@style/AppTheme.NoActionBar" />
145-->src\main\AndroidManifest.xml:102:13-56
146        <activity
146-->src\main\AndroidManifest.xml:103:9-106:53
147            android:name="com.hdmovies.fullhdmovies.ItemTVActivity"
147-->src\main\AndroidManifest.xml:104:13-68
148            android:screenOrientation="portrait"
148-->src\main\AndroidManifest.xml:105:13-49
149            android:theme="@style/AppTheme.Nobar" />
149-->src\main\AndroidManifest.xml:106:13-50
150
151        <receiver
151-->[com.google.android.gms:play-services-cast-framework:15.0.1] AndroidManifest.xml:8:9-10:40
152            android:name="com.google.android.gms.cast.framework.media.MediaIntentReceiver"
152-->[com.google.android.gms:play-services-cast-framework:15.0.1] AndroidManifest.xml:9:13-91
153            android:exported="false" />
153-->[com.google.android.gms:play-services-cast-framework:15.0.1] AndroidManifest.xml:10:13-37
154
155        <service android:name="com.google.android.gms.cast.framework.media.MediaNotificationService" />
155-->[com.google.android.gms:play-services-cast-framework:15.0.1] AndroidManifest.xml:12:9-104
155-->[com.google.android.gms:play-services-cast-framework:15.0.1] AndroidManifest.xml:12:18-101
156        <service android:name="com.google.android.gms.cast.framework.ReconnectionService" />
156-->[com.google.android.gms:play-services-cast-framework:15.0.1] AndroidManifest.xml:13:9-93
156-->[com.google.android.gms:play-services-cast-framework:15.0.1] AndroidManifest.xml:13:18-90
157
158        <meta-data
158-->[com.onesignal:OneSignal:3.12.2] AndroidManifest.xml:49:9-51:51
159            android:name="onesignal_app_id"
159-->[com.onesignal:OneSignal:3.12.2] AndroidManifest.xml:50:13-44
160            android:value="e56638b4-04ff-43c7-b12e-bd635aecb27e" /> <!-- Deprecated - Pulled from OneSignal dashboard. -->
160-->[com.onesignal:OneSignal:3.12.2] AndroidManifest.xml:51:13-48
161        <meta-data
161-->[com.onesignal:OneSignal:3.12.2] AndroidManifest.xml:53:9-55:70
162            android:name="onesignal_google_project_number"
162-->[com.onesignal:OneSignal:3.12.2] AndroidManifest.xml:54:13-59
163            android:value="str:REMOTE" />
163-->[com.onesignal:OneSignal:3.12.2] AndroidManifest.xml:55:13-67
164
165        <receiver
165-->[com.onesignal:OneSignal:3.12.2] AndroidManifest.xml:57:9-67:20
166            android:name="com.onesignal.GcmBroadcastReceiver"
166-->[com.onesignal:OneSignal:3.12.2] AndroidManifest.xml:58:13-62
167            android:permission="com.google.android.c2dm.permission.SEND" >
167-->[com.onesignal:OneSignal:3.12.2] AndroidManifest.xml:59:13-73
168
169            <!-- High priority so OneSignal payloads can be filtered from other GCM receivers if filterOtherGCMReceivers is enabled. -->
170            <intent-filter android:priority="999" >
170-->[com.onesignal:OneSignal:3.12.2] AndroidManifest.xml:62:13-66:29
170-->[com.onesignal:OneSignal:3.12.2] AndroidManifest.xml:62:28-50
171                <action android:name="com.google.android.c2dm.intent.RECEIVE" />
171-->[com.onesignal:OneSignal:3.12.2] AndroidManifest.xml:63:17-81
171-->[com.onesignal:OneSignal:3.12.2] AndroidManifest.xml:63:25-78
172
173                <category android:name="com.hdmovies.fullhdmovies" />
173-->[com.onesignal:OneSignal:3.12.2] AndroidManifest.xml:65:17-61
173-->[com.onesignal:OneSignal:3.12.2] AndroidManifest.xml:65:27-58
174            </intent-filter>
175        </receiver>
176        <receiver android:name="com.onesignal.NotificationOpenedReceiver" />
176-->[com.onesignal:OneSignal:3.12.2] AndroidManifest.xml:68:9-77
176-->[com.onesignal:OneSignal:3.12.2] AndroidManifest.xml:68:19-74
177
178        <service android:name="com.onesignal.GcmIntentService" />
178-->[com.onesignal:OneSignal:3.12.2] AndroidManifest.xml:70:9-66
178-->[com.onesignal:OneSignal:3.12.2] AndroidManifest.xml:70:18-63
179        <service
179-->[com.onesignal:OneSignal:3.12.2] AndroidManifest.xml:71:9-73:72
180            android:name="com.onesignal.GcmIntentJobService"
180-->[com.onesignal:OneSignal:3.12.2] AndroidManifest.xml:72:13-61
181            android:permission="android.permission.BIND_JOB_SERVICE" />
181-->[com.onesignal:OneSignal:3.12.2] AndroidManifest.xml:73:13-69
182        <service
182-->[com.onesignal:OneSignal:3.12.2] AndroidManifest.xml:74:9-76:72
183            android:name="com.onesignal.RestoreJobService"
183-->[com.onesignal:OneSignal:3.12.2] AndroidManifest.xml:75:13-59
184            android:permission="android.permission.BIND_JOB_SERVICE" />
184-->[com.onesignal:OneSignal:3.12.2] AndroidManifest.xml:76:13-69
185        <service
185-->[com.onesignal:OneSignal:3.12.2] AndroidManifest.xml:77:9-79:72
186            android:name="com.onesignal.RestoreKickoffJobService"
186-->[com.onesignal:OneSignal:3.12.2] AndroidManifest.xml:78:13-66
187            android:permission="android.permission.BIND_JOB_SERVICE" />
187-->[com.onesignal:OneSignal:3.12.2] AndroidManifest.xml:79:13-69
188        <service
188-->[com.onesignal:OneSignal:3.12.2] AndroidManifest.xml:80:9-82:43
189            android:name="com.onesignal.SyncService"
189-->[com.onesignal:OneSignal:3.12.2] AndroidManifest.xml:81:13-53
190            android:stopWithTask="true" />
190-->[com.onesignal:OneSignal:3.12.2] AndroidManifest.xml:82:13-40
191        <service
191-->[com.onesignal:OneSignal:3.12.2] AndroidManifest.xml:83:9-85:72
192            android:name="com.onesignal.SyncJobService"
192-->[com.onesignal:OneSignal:3.12.2] AndroidManifest.xml:84:13-56
193            android:permission="android.permission.BIND_JOB_SERVICE" />
193-->[com.onesignal:OneSignal:3.12.2] AndroidManifest.xml:85:13-69
194
195        <activity
195-->[com.onesignal:OneSignal:3.12.2] AndroidManifest.xml:87:9-89:75
196            android:name="com.onesignal.PermissionsActivity"
196-->[com.onesignal:OneSignal:3.12.2] AndroidManifest.xml:88:13-61
197            android:theme="@android:style/Theme.Translucent.NoTitleBar" />
197-->[com.onesignal:OneSignal:3.12.2] AndroidManifest.xml:89:13-72
198
199        <service android:name="com.onesignal.NotificationRestoreService" />
199-->[com.onesignal:OneSignal:3.12.2] AndroidManifest.xml:91:9-76
199-->[com.onesignal:OneSignal:3.12.2] AndroidManifest.xml:91:18-73
200
201        <receiver android:name="com.onesignal.BootUpReceiver" >
201-->[com.onesignal:OneSignal:3.12.2] AndroidManifest.xml:93:9-98:20
201-->[com.onesignal:OneSignal:3.12.2] AndroidManifest.xml:93:19-62
202            <intent-filter>
202-->[com.onesignal:OneSignal:3.12.2] AndroidManifest.xml:94:13-97:29
203                <action android:name="android.intent.action.BOOT_COMPLETED" />
203-->[com.onesignal:OneSignal:3.12.2] AndroidManifest.xml:95:17-79
203-->[com.onesignal:OneSignal:3.12.2] AndroidManifest.xml:95:25-76
204                <action android:name="android.intent.action.QUICKBOOT_POWERON" />
204-->[com.onesignal:OneSignal:3.12.2] AndroidManifest.xml:96:17-82
204-->[com.onesignal:OneSignal:3.12.2] AndroidManifest.xml:96:25-79
205            </intent-filter>
206        </receiver>
207        <receiver android:name="com.onesignal.UpgradeReceiver" >
207-->[com.onesignal:OneSignal:3.12.2] AndroidManifest.xml:99:9-103:20
207-->[com.onesignal:OneSignal:3.12.2] AndroidManifest.xml:99:19-63
208            <intent-filter>
208-->[com.onesignal:OneSignal:3.12.2] AndroidManifest.xml:100:13-102:29
209                <action android:name="android.intent.action.MY_PACKAGE_REPLACED" />
209-->[com.onesignal:OneSignal:3.12.2] AndroidManifest.xml:101:17-84
209-->[com.onesignal:OneSignal:3.12.2] AndroidManifest.xml:101:25-81
210            </intent-filter>
211        </receiver>
212
213        <activity
213-->[com.facebook.android:audience-network-sdk:5.6.0] AndroidManifest.xml:15:9-19:75
214            android:name="com.facebook.ads.AudienceNetworkActivity"
214-->[com.facebook.android:audience-network-sdk:5.6.0] AndroidManifest.xml:16:13-68
215            android:configChanges="keyboardHidden|orientation|screenSize"
215-->[com.facebook.android:audience-network-sdk:5.6.0] AndroidManifest.xml:17:13-74
216            android:exported="false"
216-->[com.facebook.android:audience-network-sdk:5.6.0] AndroidManifest.xml:18:13-37
217            android:theme="@android:style/Theme.Translucent.NoTitleBar" />
217-->[com.facebook.android:audience-network-sdk:5.6.0] AndroidManifest.xml:19:13-72
218        <activity
218-->[com.facebook.android:audience-network-sdk:5.6.0] AndroidManifest.xml:20:9-25:75
219            android:name="com.facebook.ads.internal.ipc.RemoteANActivity"
219-->[com.facebook.android:audience-network-sdk:5.6.0] AndroidManifest.xml:21:13-74
220            android:configChanges="keyboardHidden|orientation|screenSize"
220-->[com.facebook.android:audience-network-sdk:5.6.0] AndroidManifest.xml:22:13-74
221            android:exported="false"
221-->[com.facebook.android:audience-network-sdk:5.6.0] AndroidManifest.xml:23:13-37
222            android:process=":adnw"
222-->[com.facebook.android:audience-network-sdk:5.6.0] AndroidManifest.xml:24:13-36
223            android:theme="@android:style/Theme.Translucent.NoTitleBar" />
223-->[com.facebook.android:audience-network-sdk:5.6.0] AndroidManifest.xml:25:13-72
224
225        <service
225-->[com.facebook.android:audience-network-sdk:5.6.0] AndroidManifest.xml:27:9-29:40
226            android:name="com.facebook.ads.internal.ipc.AdsProcessPriorityService"
226-->[com.facebook.android:audience-network-sdk:5.6.0] AndroidManifest.xml:28:13-83
227            android:exported="false" />
227-->[com.facebook.android:audience-network-sdk:5.6.0] AndroidManifest.xml:29:13-37
228        <service
228-->[com.facebook.android:audience-network-sdk:5.6.0] AndroidManifest.xml:30:9-33:39
229            android:name="com.facebook.ads.internal.ipc.AdsMessengerService"
229-->[com.facebook.android:audience-network-sdk:5.6.0] AndroidManifest.xml:31:13-77
230            android:exported="false"
230-->[com.facebook.android:audience-network-sdk:5.6.0] AndroidManifest.xml:32:13-37
231            android:process=":adnw" />
231-->[com.facebook.android:audience-network-sdk:5.6.0] AndroidManifest.xml:33:13-36
232
233        <provider
233-->[com.facebook.android:audience-network-sdk:5.6.0] AndroidManifest.xml:35:9-38:40
234            android:name="com.facebook.ads.AudienceNetworkContentProvider"
234-->[com.facebook.android:audience-network-sdk:5.6.0] AndroidManifest.xml:36:13-75
235            android:authorities="com.hdmovies.fullhdmovies.AudienceNetworkContentProvider"
235-->[com.facebook.android:audience-network-sdk:5.6.0] AndroidManifest.xml:37:13-82
236            android:exported="false" />
236-->[com.facebook.android:audience-network-sdk:5.6.0] AndroidManifest.xml:38:13-37
237        <!--
238             FirebaseMessagingService performs security checks at runtime,
239             no need for explicit permissions despite exported="true"
240        -->
241        <service
241-->[com.google.firebase:firebase-messaging:17.3.3] AndroidManifest.xml:28:9-34:19
242            android:name="com.google.firebase.messaging.FirebaseMessagingService"
242-->[com.google.firebase:firebase-messaging:17.3.3] AndroidManifest.xml:29:13-82
243            android:exported="true" >
243-->[com.google.firebase:firebase-messaging:17.3.3] AndroidManifest.xml:30:13-36
244            <intent-filter android:priority="-500" >
244-->[com.google.firebase:firebase-messaging:17.3.3] AndroidManifest.xml:31:13-33:29
244-->[com.google.firebase:firebase-messaging:17.3.3] AndroidManifest.xml:31:28-51
245                <action android:name="com.google.firebase.MESSAGING_EVENT" />
245-->[com.google.firebase:firebase-messaging:17.3.3] AndroidManifest.xml:32:17-78
245-->[com.google.firebase:firebase-messaging:17.3.3] AndroidManifest.xml:32:25-75
246            </intent-filter>
247        </service>
248
249        <receiver
249-->[com.google.android.gms:play-services-measurement:16.4.0] AndroidManifest.xml:29:9-33:20
250            android:name="com.google.android.gms.measurement.AppMeasurementReceiver"
250-->[com.google.android.gms:play-services-measurement:16.4.0] AndroidManifest.xml:30:13-85
251            android:enabled="true"
251-->[com.google.android.gms:play-services-measurement:16.4.0] AndroidManifest.xml:31:13-35
252            android:exported="false" >
252-->[com.google.android.gms:play-services-measurement:16.4.0] AndroidManifest.xml:32:13-37
253        </receiver>
254        <receiver
254-->[com.google.android.gms:play-services-measurement:16.4.0] AndroidManifest.xml:34:9-42:20
255            android:name="com.google.android.gms.measurement.AppMeasurementInstallReferrerReceiver"
255-->[com.google.android.gms:play-services-measurement:16.4.0] AndroidManifest.xml:35:13-100
256            android:enabled="true"
256-->[com.google.android.gms:play-services-measurement:16.4.0] AndroidManifest.xml:36:13-35
257            android:exported="true"
257-->[com.google.android.gms:play-services-measurement:16.4.0] AndroidManifest.xml:37:13-36
258            android:permission="android.permission.INSTALL_PACKAGES" >
258-->[com.google.android.gms:play-services-measurement:16.4.0] AndroidManifest.xml:38:13-69
259            <intent-filter>
259-->[com.google.android.gms:play-services-measurement:16.4.0] AndroidManifest.xml:39:13-41:29
260                <action android:name="com.android.vending.INSTALL_REFERRER" />
260-->[com.google.android.gms:play-services-measurement:16.4.0] AndroidManifest.xml:40:17-79
260-->[com.google.android.gms:play-services-measurement:16.4.0] AndroidManifest.xml:40:25-76
261            </intent-filter>
262        </receiver>
263
264        <service
264-->[com.google.android.gms:play-services-measurement:16.4.0] AndroidManifest.xml:44:9-47:40
265            android:name="com.google.android.gms.measurement.AppMeasurementService"
265-->[com.google.android.gms:play-services-measurement:16.4.0] AndroidManifest.xml:45:13-84
266            android:enabled="true"
266-->[com.google.android.gms:play-services-measurement:16.4.0] AndroidManifest.xml:46:13-35
267            android:exported="false" />
267-->[com.google.android.gms:play-services-measurement:16.4.0] AndroidManifest.xml:47:13-37
268        <service